#
# There is insufficient memory for the Java Runtime Environment to continue.
# Native memory allocation (malloc) failed to allocate 689408 bytes for Chunk::new
# Possible reasons:
#   The system is out of physical RAM or swap space
#   The process is running with CompressedOops enabled, and the Java Heap may be blocking the growth of the native heap
# Possible solutions:
#   Reduce memory load on the system
#   Increase physical memory or swap space
#   Check if swap backing store is full
#   Decrease Java heap size (-Xmx/-Xms)
#   Decrease number of Java threads
#   Decrease Java thread stack sizes (-Xss)
#   Set larger code cache with -XX:ReservedCodeCacheSize=
#   JVM is running with Unscaled Compressed Oops mode in which the Java heap is
#     placed in the first 4GB address space. The Java Heap base address is the
#     maximum limit for the native heap growth. Please use -XX:HeapBaseMinAddress
#     to set the Java Heap base and to place the Java Heap above 4GB virtual address.
# This output file may be truncated or incomplete.
#
#  Out of Memory Error (arena.cpp:189), pid=9440, tid=3696
#
# JRE version: OpenJDK Runtime Environment (17.0.7) (build 17.0.7+0-b2043.56-10550314)
# Java VM: OpenJDK 64-Bit Server VM (17.0.7+0-b2043.56-10550314, mixed mode, tiered, compressed oops, compressed class ptrs, serial gc, windows-amd64)
# No core dump will be written. Minidumps are not enabled by default on client versions of Windows
#

---------------  S U M M A R Y ------------

Command Line: --add-opens=java.base/java.util=ALL-UNNAMED --add-opens=java.base/java.lang=ALL-UNNAMED --add-opens=java.base/java.lang.invoke=ALL-UNNAMED --add-opens=java.prefs/java.util.prefs=ALL-UNNAMED --add-opens=java.base/java.nio.charset=ALL-UNNAMED --add-opens=java.base/java.net=ALL-UNNAMED --add-opens=java.base/java.util.concurrent.atomic=ALL-UNNAMED -Xmx2048m -Dfile.encoding=UTF-8 -Duser.country=US -Duser.language=en -Duser.variant -javaagent:C:\Users\Prathveesh\.gradle\wrapper\dists\gradle-8.2-bin\bbg7u40eoinfdyxsxr3z4i7ta\gradle-8.2\lib\agents\gradle-instrumentation-agent-8.2.jar org.gradle.launcher.daemon.bootstrap.GradleDaemon 8.2

Host: Intel(R) Core(TM) i5-4200U CPU @ 1.60GHz, 4 cores, 1G,  Windows 10 , 64 bit Build 19041 (10.0.19041.3636)
Time: Mon Jan 29 19:33:39 2024 India Standard Time elapsed time: 40.546688 seconds (0d 0h 0m 40s)

---------------  T H R E A D  ---------------

Current thread (0x00000173e96894d0):  JavaThread "C2 CompilerThread0" daemon [_thread_in_native, id=3696, stack(0x0000005914200000,0x0000005914300000)]


Current CompileTask:
C2:  40547 8997       4       org.jetbrains.kotlin.serialization.deserialization.descriptors.DeserializedPackageMemberScope::hasClass (116 bytes)

Stack: [0x0000005914200000,0x0000005914300000]
Native frames: (J=compiled Java code, j=interpreted, Vv=VM code, C=native code)
V  [jvm.dll+0x683bfa]
V  [jvm.dll+0x8430a4]
V  [jvm.dll+0x8449be]
V  [jvm.dll+0x845023]
V  [jvm.dll+0x24ad2f]
V  [jvm.dll+0xac25c]
V  [jvm.dll+0xac82c]
V  [jvm.dll+0x36a187]
V  [jvm.dll+0x334821]
V  [jvm.dll+0x333cca]
V  [jvm.dll+0x21d251]
V  [jvm.dll+0x21c671]
V  [jvm.dll+0x1a605d]
V  [jvm.dll+0x22c148]
V  [jvm.dll+0x22a209]
V  [jvm.dll+0x7f858c]
V  [jvm.dll+0x7f2aea]
V  [jvm.dll+0x682a35]
C  [ucrtbase.dll+0x21bb2]
C  [KERNEL32.DLL+0x17344]
C  [ntdll.dll+0x526b1]


---------------  P R O C E S S  ---------------

Threads class SMR info:
_java_thread_list=0x0000017384c0c3a0, length=39, elements={
0x00000173e9780b50, 0x00000173e96375a0, 0x00000173e9638d40, 0x00000173e9665120,
0x00000173e9665f90, 0x00000173e9667cb0, 0x00000173e9679110, 0x00000173e96894d0,
0x00000173e96e8ff0, 0x00000173e96f4090, 0x00000173e983d410, 0x00000173fc2e9030,
0x00000173fda583e0, 0x00000173fdbd8550, 0x00000173fdc587a0, 0x00000173fd7e32a0,
0x00000173fdfa1450, 0x00000173fd784460, 0x00000173fd914820, 0x00000173fdeb28d0,
0x00000173fdeb5420, 0x00000173fdeb40e0, 0x00000173fdeb1f30, 0x00000173fdeb2400,
0x00000173fdeb4f50, 0x00000173fdeb58f0, 0x00000173fdeb2da0, 0x00000173fdeb3740,
0x00000173fdeb3c10, 0x00000173fdeb45b0, 0x00000173fdeb4a80, 0x00000173fde884a0,
0x00000173fde8a650, 0x00000173fde8a180, 0x00000173fde8aff0, 0x00000173fde88970,
0x00000173fde8ab20, 0x00000173fde87b00, 0x00000173fdff6230
}

Java Threads: ( => current thread )
  0x00000173e9780b50 JavaThread "main" [_thread_blocked, id=8940, stack(0x0000005913a00000,0x0000005913b00000)]
  0x00000173e96375a0 JavaThread "Reference Handler" daemon [_thread_blocked, id=9540, stack(0x0000005913c00000,0x0000005913d00000)]
  0x00000173e9638d40 JavaThread "Finalizer" daemon [_thread_blocked, id=9248, stack(0x0000005913d00000,0x0000005913e00000)]
  0x00000173e9665120 JavaThread "Signal Dispatcher" daemon [_thread_blocked, id=3200, stack(0x0000005913e00000,0x0000005913f00000)]
  0x00000173e9665f90 JavaThread "Attach Listener" daemon [_thread_blocked, id=6356, stack(0x0000005913f00000,0x0000005914000000)]
  0x00000173e9667cb0 JavaThread "Service Thread" daemon [_thread_blocked, id=8088, stack(0x0000005914000000,0x0000005914100000)]
  0x00000173e9679110 JavaThread "Monitor Deflation Thread" daemon [_thread_blocked, id=3932, stack(0x0000005914100000,0x0000005914200000)]
=>0x00000173e96894d0 JavaThread "C2 CompilerThread0" daemon [_thread_in_native, id=3696, stack(0x0000005914200000,0x0000005914300000)]
  0x00000173e96e8ff0 JavaThread "C1 CompilerThread0" daemon [_thread_blocked, id=3676, stack(0x0000005914300000,0x0000005914400000)]
  0x00000173e96f4090 JavaThread "Sweeper thread" daemon [_thread_blocked, id=3680, stack(0x0000005914400000,0x0000005914500000)]
  0x00000173e983d410 JavaThread "Common-Cleaner" daemon [_thread_blocked, id=2624, stack(0x0000005914500000,0x0000005914600000)]
  0x00000173fc2e9030 JavaThread "Notification Thread" daemon [_thread_blocked, id=1980, stack(0x0000005914600000,0x0000005914700000)]
  0x00000173fda583e0 JavaThread "Daemon health stats" [_thread_blocked, id=4836, stack(0x0000005914800000,0x0000005914900000)]
  0x00000173fdbd8550 JavaThread "Incoming local TCP Connector on port 54369" [_thread_in_native, id=5276, stack(0x0000005914900000,0x0000005914a00000)]
  0x00000173fdc587a0 JavaThread "Daemon periodic checks" [_thread_blocked, id=3828, stack(0x0000005914a00000,0x0000005914b00000)]
  0x00000173fd7e32a0 JavaThread "Daemon" [_thread_blocked, id=2552, stack(0x0000005914b00000,0x0000005914c00000)]
  0x00000173fdfa1450 JavaThread "Handler for socket connection from /127.0.0.1:54369 to /127.0.0.1:54370" [_thread_in_native, id=6248, stack(0x0000005914c00000,0x0000005914d00000)]
  0x00000173fd784460 JavaThread "Cancel handler" [_thread_blocked, id=2152, stack(0x0000005914d00000,0x0000005914e00000)]
  0x00000173fd914820 JavaThread "Daemon worker" [_thread_in_vm, id=5968, stack(0x0000005914e00000,0x0000005914f00000)]
  0x00000173fdeb28d0 JavaThread "Asynchronous log dispatcher for DefaultDaemonConnection: socket connection from /127.0.0.1:54369 to /127.0.0.1:54370" [_thread_blocked, id=6532, stack(0x0000005914f00000,0x0000005915000000)]
  0x00000173fdeb5420 JavaThread "Stdin handler" [_thread_blocked, id=9188, stack(0x0000005915000000,0x0000005915100000)]
  0x00000173fdeb40e0 JavaThread "Daemon client event forwarder" [_thread_blocked, id=9108, stack(0x0000005915100000,0x0000005915200000)]
  0x00000173fdeb1f30 JavaThread "Cache worker for journal cache (C:\Users\Prathveesh\.gradle\caches\journal-1)" [_thread_blocked, id=7960, stack(0x0000005915200000,0x0000005915300000)]
  0x00000173fdeb2400 JavaThread "File lock request listener" [_thread_in_native, id=4248, stack(0x0000005915300000,0x0000005915400000)]
  0x00000173fdeb4f50 JavaThread "Cache worker for file hash cache (C:\Users\Prathveesh\.gradle\caches\8.2\fileHashes)" [_thread_blocked, id=2200, stack(0x0000005915400000,0x0000005915500000)]
  0x00000173fdeb58f0 JavaThread "File watcher server" daemon [_thread_in_native, id=2560, stack(0x0000005915500000,0x0000005915600000)]
  0x00000173fdeb2da0 JavaThread "File watcher consumer" daemon [_thread_blocked, id=7008, stack(0x0000005915600000,0x0000005915700000)]
  0x00000173fdeb3740 JavaThread "jar transforms" [_thread_blocked, id=5744, stack(0x0000005915700000,0x0000005915800000)]
  0x00000173fdeb3c10 JavaThread "jar transforms Thread 2" [_thread_blocked, id=2072, stack(0x0000005915800000,0x0000005915900000)]
  0x00000173fdeb45b0 JavaThread "jar transforms Thread 3" [_thread_blocked, id=1676, stack(0x0000005915900000,0x0000005915a00000)]
  0x00000173fdeb4a80 JavaThread "jar transforms Thread 4" [_thread_blocked, id=8776, stack(0x0000005915a00000,0x0000005915b00000)]
  0x00000173fde884a0 JavaThread "Cache worker for checksums cache (F:\B3_T5_E-Commerce\B3_T5_E-Commerce\E-Commerce\.gradle\8.2\checksums)" [_thread_blocked, id=8620, stack(0x0000005915b00000,0x0000005915c00000)]
  0x00000173fde8a650 JavaThread "Cache worker for cache directory md-rule (C:\Users\Prathveesh\.gradle\caches\8.2\md-rule)" [_thread_blocked, id=4356, stack(0x0000005915c00000,0x0000005915d00000)]
  0x00000173fde8a180 JavaThread "Cache worker for file content cache (C:\Users\Prathveesh\.gradle\caches\8.2\fileContent)" [_thread_blocked, id=4228, stack(0x0000005915d00000,0x0000005915e00000)]
  0x00000173fde8aff0 JavaThread "Cache worker for file hash cache (F:\B3_T5_E-Commerce\B3_T5_E-Commerce\E-Commerce\.gradle\8.2\fileHashes)" [_thread_blocked, id=2952, stack(0x0000005915e00000,0x0000005915f00000)]
  0x00000173fde88970 JavaThread "Cache worker for cache directory md-supplier (C:\Users\Prathveesh\.gradle\caches\8.2\md-supplier)" [_thread_blocked, id=6860, stack(0x0000005915f00000,0x0000005916000000)]
  0x00000173fde8ab20 JavaThread "Cache worker for execution history cache (C:\Users\Prathveesh\.gradle\caches\8.2\executionHistory)" [_thread_blocked, id=7532, stack(0x0000005916000000,0x0000005916100000)]
  0x00000173fde87b00 JavaThread "Cache worker for kotlin-dsl (C:\Users\Prathveesh\.gradle\caches\8.2\kotlin-dsl)" [_thread_blocked, id=8472, stack(0x0000005916100000,0x0000005916200000)]
  0x00000173fdff6230 JavaThread "Cache worker for dependencies-accessors (F:\B3_T5_E-Commerce\B3_T5_E-Commerce\E-Commerce\.gradle\8.2\dependencies-accessors)" [_thread_blocked, id=6376, stack(0x0000005916400000,0x0000005916500000)]

Other Threads:
  0x00000173e960e090 VMThread "VM Thread" [stack: 0x0000005913b00000,0x0000005913c00000] [id=5032]
  0x00000173fc2fa0d0 WatcherThread [stack: 0x0000005914700000,0x0000005914800000] [id=4424]

Threads with active compile tasks:
C2 CompilerThread0    40882 8997       4       org.jetbrains.kotlin.serialization.deserialization.descriptors.DeserializedPackageMemberScope::hasClass (116 bytes)

VM state: not at safepoint (normal execution)

VM Mutex/Monitor currently owned by a thread: None

Heap address: 0x0000000080000000, size: 2048 MB, Compressed Oops mode: 32-bit

CDS archive(s) not mapped
Compressed class space mapped at: 0x0000000100000000-0x0000000140000000, reserved size: 1073741824
Narrow klass base: 0x0000000000000000, Narrow klass shift: 3, Narrow klass range: 0x140000000

GC Precious Log:
 CPUs: 4 total, 4 available
 Memory: 1772M
 Large Page Support: Disabled
 NUMA Support: Disabled
 Compressed Oops: Enabled (32-bit)
 Heap Min Capacity: 8M
 Heap Initial Capacity: 28M
 Heap Max Capacity: 2G
 Pre-touch: Disabled

Heap:
 def new generation   total 57024K, used 32585K [0x0000000080000000, 0x0000000083dd0000, 0x00000000aaaa0000)
  eden space 50752K,  55% used [0x0000000080000000, 0x0000000081baf4d0, 0x0000000083190000)
  from space 6272K,  67% used [0x00000000837b0000, 0x0000000083bd3148, 0x0000000083dd0000)
  to   space 6272K,   0% used [0x0000000083190000, 0x0000000083190000, 0x00000000837b0000)
 tenured generation   total 126308K, used 104438K [0x00000000aaaa0000, 0x00000000b25f9000, 0x0000000100000000)
   the space 126308K,  82% used [0x00000000aaaa0000, 0x00000000b109d9c8, 0x00000000b109da00, 0x00000000b25f9000)
 Metaspace       used 113080K, committed 113728K, reserved 1179648K
  class space    used 14460K, committed 14784K, reserved 1048576K

Card table byte_map: [0x00000173e9130000,0x00000173e9540000] _byte_map_base: 0x00000173e8d30000

Polling page: 0x00000173e7760000

Metaspace:

Usage:
  Non-class:     96.31 MB used.
      Class:     14.12 MB used.
       Both:    110.43 MB used.

Virtual space:
  Non-class space:      128.00 MB reserved,      96.62 MB ( 75%) committed,  2 nodes.
      Class space:        1.00 GB reserved,      14.44 MB (  1%) committed,  1 nodes.
             Both:        1.12 GB reserved,     111.06 MB ( 10%) committed. 

Chunk freelists:
   Non-Class:  15.19 MB
       Class:  1.61 MB
        Both:  16.80 MB

MaxMetaspaceSize: unlimited
CompressedClassSpaceSize: 1.00 GB
Initial GC threshold: 21.00 MB
Current GC threshold: 117.62 MB
CDS: off
MetaspaceReclaimPolicy: balanced
 - commit_granule_bytes: 65536.
 - commit_granule_words: 8192.
 - virtual_space_node_default_size: 8388608.
 - enlarge_chunks_in_place: 1.
 - new_chunks_are_fully_committed: 0.
 - uncommit_free_chunks: 1.
 - use_allocation_guard: 0.
 - handle_deallocations: 1.


Internal statistics:

num_allocs_failed_limit: 6.
num_arena_births: 760.
num_arena_deaths: 0.
num_vsnodes_births: 3.
num_vsnodes_deaths: 0.
num_space_committed: 1775.
num_space_uncommitted: 0.
num_chunks_returned_to_freelist: 6.
num_chunks_taken_from_freelist: 4449.
num_chunk_merges: 6.
num_chunk_splits: 3478.
num_chunks_enlarged: 2880.
num_inconsistent_stats: 0.

CodeHeap 'non-profiled nmethods': size=120000Kb used=4164Kb max_used=4164Kb free=115835Kb
 bounds [0x00000173f4730000, 0x00000173f4b50000, 0x00000173fbc60000]
CodeHeap 'profiled nmethods': size=120000Kb used=16209Kb max_used=16209Kb free=103790Kb
 bounds [0x00000173ecc60000, 0x00000173edc40000, 0x00000173f4190000]
CodeHeap 'non-nmethods': size=5760Kb used=2488Kb max_used=2543Kb free=3271Kb
 bounds [0x00000173f4190000, 0x00000173f4420000, 0x00000173f4730000]
 total_blobs=9495 nmethods=8446 adapters=962
 compilation: enabled
              stopped_count=0, restarted_count=0
 full_count=0

Compilation events (20 events):
Event: 39.766 Thread 0x00000173e96e8ff0 9317       2       jdk.internal.math.FDBigInteger::<init> (30 bytes)
Event: 39.766 Thread 0x00000173e96e8ff0 nmethod 9317 0x00000173edc23a90 code [0x00000173edc23c20, 0x00000173edc23d68]
Event: 39.766 Thread 0x00000173e96e8ff0 9318       2       jdk.internal.math.FDBigInteger::trimLeadingZeros (57 bytes)
Event: 39.766 Thread 0x00000173e96e8ff0 nmethod 9318 0x00000173edc23e90 code [0x00000173edc24020, 0x00000173edc241f8]
Event: 39.832 Thread 0x00000173e96e8ff0 9319       2       org.gradle.model.internal.asm.MethodVisitorScope::_ASTORE (8 bytes)
Event: 39.833 Thread 0x00000173e96e8ff0 nmethod 9319 0x00000173edc24310 code [0x00000173edc244a0, 0x00000173edc245e8]
Event: 39.834 Thread 0x00000173e96e8ff0 9320       2       org.gradle.model.internal.asm.MethodVisitorScope::_DUP (7 bytes)
Event: 39.834 Thread 0x00000173e96e8ff0 nmethod 9320 0x00000173edc24690 code [0x00000173edc24820, 0x00000173edc24968]
Event: 39.838 Thread 0x00000173e96e8ff0 9321       2       org.gradle.internal.instantiation.generator.AbstractClassGenerator$ClassGenerationHandler::hasFields (1 bytes)
Event: 39.838 Thread 0x00000173e96e8ff0 nmethod 9321 0x00000173edc24a10 code [0x00000173edc24ba0, 0x00000173edc24c98]
Event: 39.839 Thread 0x00000173e96e8ff0 9322       2       org.objectweb.asm.ByteVector::enlarge (73 bytes)
Event: 39.839 Thread 0x00000173e96e8ff0 nmethod 9322 0x00000173edc24d10 code [0x00000173edc24ec0, 0x00000173edc251f8]
Event: 39.840 Thread 0x00000173e96e8ff0 9323       2       org.objectweb.asm.SymbolTable::addConstantIntegerOrFloat (100 bytes)
Event: 39.840 Thread 0x00000173e96e8ff0 nmethod 9323 0x00000173edc25390 code [0x00000173edc25560, 0x00000173edc258b8]
Event: 40.016 Thread 0x00000173e96894d0 nmethod 8442 0x00000173f4b2f790 code [0x00000173f4b2fda0, 0x00000173f4b3a280]
Event: 40.016 Thread 0x00000173e96894d0 9190       4       java.util.ArrayList::hashCodeRange (68 bytes)
Event: 40.020 Thread 0x00000173e96894d0 nmethod 9190 0x00000173f4b40b90 code [0x00000173f4b40d20, 0x00000173f4b40f28]
Event: 40.020 Thread 0x00000173e96894d0 8997       4       org.jetbrains.kotlin.serialization.deserialization.descriptors.DeserializedPackageMemberScope::hasClass (116 bytes)
Event: 40.025 Thread 0x00000173e96e8ff0 9324       2       com.google.common.collect.ImmutableList::asImmutableList (7 bytes)
Event: 40.025 Thread 0x00000173e96e8ff0 nmethod 9324 0x00000173edc25b10 code [0x00000173edc25ca0, 0x00000173edc25da8]

GC Heap History (20 events):
Event: 26.701 GC heap before
{Heap before GC invocations=33 (full 3):
 def new generation   total 36864K, used 29026K [0x0000000080000000, 0x0000000082800000, 0x00000000aaaa0000)
  eden space 32768K,  76% used [0x0000000080000000, 0x0000000081858838, 0x0000000082000000)
  from space 4096K, 100% used [0x0000000082000000, 0x0000000082400000, 0x0000000082400000)
  to   space 4096K,   0% used [0x0000000082400000, 0x0000000082400000, 0x0000000082800000)
 tenured generation   total 81648K, used 76217K [0x00000000aaaa0000, 0x00000000afa5c000, 0x0000000100000000)
   the space 81648K,  93% used [0x00000000aaaa0000, 0x00000000af50e548, 0x00000000af50e600, 0x00000000afa5c000)
 Metaspace       used 71648K, committed 72256K, reserved 1114112K
  class space    used 9856K, committed 10176K, reserved 1048576K
}
Event: 27.343 GC heap after
{Heap after GC invocations=34 (full 4):
 def new generation   total 57024K, used 0K [0x0000000080000000, 0x0000000083dd0000, 0x00000000aaaa0000)
  eden space 50752K,   0% used [0x0000000080000000, 0x0000000080000000, 0x0000000083190000)
  from space 6272K,   0% used [0x0000000083190000, 0x0000000083190000, 0x00000000837b0000)
  to   space 6272K,   0% used [0x00000000837b0000, 0x00000000837b0000, 0x0000000083dd0000)
 tenured generation   total 126308K, used 75782K [0x00000000aaaa0000, 0x00000000b25f9000, 0x0000000100000000)
   the space 126308K,  59% used [0x00000000aaaa0000, 0x00000000af4a1a18, 0x00000000af4a1c00, 0x00000000b25f9000)
 Metaspace       used 71648K, committed 72256K, reserved 1114112K
  class space    used 9856K, committed 10176K, reserved 1048576K
}
Event: 28.586 GC heap before
{Heap before GC invocations=34 (full 4):
 def new generation   total 57024K, used 50752K [0x0000000080000000, 0x0000000083dd0000, 0x00000000aaaa0000)
  eden space 50752K, 100% used [0x0000000080000000, 0x0000000083190000, 0x0000000083190000)
  from space 6272K,   0% used [0x0000000083190000, 0x0000000083190000, 0x00000000837b0000)
  to   space 6272K,   0% used [0x00000000837b0000, 0x00000000837b0000, 0x0000000083dd0000)
 tenured generation   total 126308K, used 75782K [0x00000000aaaa0000, 0x00000000b25f9000, 0x0000000100000000)
   the space 126308K,  59% used [0x00000000aaaa0000, 0x00000000af4a1a18, 0x00000000af4a1c00, 0x00000000b25f9000)
 Metaspace       used 76511K, committed 77184K, reserved 1179648K
  class space    used 10413K, committed 10752K, reserved 1048576K
}
Event: 28.897 GC heap after
{Heap after GC invocations=35 (full 4):
 def new generation   total 57024K, used 6272K [0x0000000080000000, 0x0000000083dd0000, 0x00000000aaaa0000)
  eden space 50752K,   0% used [0x0000000080000000, 0x0000000080000000, 0x0000000083190000)
  from space 6272K, 100% used [0x00000000837b0000, 0x0000000083dd0000, 0x0000000083dd0000)
  to   space 6272K,   0% used [0x0000000083190000, 0x0000000083190000, 0x00000000837b0000)
 tenured generation   total 126308K, used 78821K [0x00000000aaaa0000, 0x00000000b25f9000, 0x0000000100000000)
   the space 126308K,  62% used [0x00000000aaaa0000, 0x00000000af799670, 0x00000000af799800, 0x00000000b25f9000)
 Metaspace       used 76511K, committed 77184K, reserved 1179648K
  class space    used 10413K, committed 10752K, reserved 1048576K
}
Event: 30.439 GC heap before
{Heap before GC invocations=35 (full 4):
 def new generation   total 57024K, used 57024K [0x0000000080000000, 0x0000000083dd0000, 0x00000000aaaa0000)
  eden space 50752K, 100% used [0x0000000080000000, 0x0000000083190000, 0x0000000083190000)
  from space 6272K, 100% used [0x00000000837b0000, 0x0000000083dd0000, 0x0000000083dd0000)
  to   space 6272K,   0% used [0x0000000083190000, 0x0000000083190000, 0x00000000837b0000)
 tenured generation   total 126308K, used 78821K [0x00000000aaaa0000, 0x00000000b25f9000, 0x0000000100000000)
   the space 126308K,  62% used [0x00000000aaaa0000, 0x00000000af799670, 0x00000000af799800, 0x00000000b25f9000)
 Metaspace       used 82753K, committed 83392K, reserved 1179648K
  class space    used 11032K, committed 11328K, reserved 1048576K
}
Event: 30.460 GC heap after
{Heap after GC invocations=36 (full 4):
 def new generation   total 57024K, used 2255K [0x0000000080000000, 0x0000000083dd0000, 0x00000000aaaa0000)
  eden space 50752K,   0% used [0x0000000080000000, 0x0000000080000000, 0x0000000083190000)
  from space 6272K,  35% used [0x0000000083190000, 0x00000000833c3ca0, 0x00000000837b0000)
  to   space 6272K,   0% used [0x00000000837b0000, 0x00000000837b0000, 0x0000000083dd0000)
 tenured generation   total 126308K, used 85056K [0x00000000aaaa0000, 0x00000000b25f9000, 0x0000000100000000)
   the space 126308K,  67% used [0x00000000aaaa0000, 0x00000000afdb0380, 0x00000000afdb0400, 0x00000000b25f9000)
 Metaspace       used 82753K, committed 83392K, reserved 1179648K
  class space    used 11032K, committed 11328K, reserved 1048576K
}
Event: 31.767 GC heap before
{Heap before GC invocations=36 (full 4):
 def new generation   total 57024K, used 53007K [0x0000000080000000, 0x0000000083dd0000, 0x00000000aaaa0000)
  eden space 50752K, 100% used [0x0000000080000000, 0x0000000083190000, 0x0000000083190000)
  from space 6272K,  35% used [0x0000000083190000, 0x00000000833c3ca0, 0x00000000837b0000)
  to   space 6272K,   0% used [0x00000000837b0000, 0x00000000837b0000, 0x0000000083dd0000)
 tenured generation   total 126308K, used 85056K [0x00000000aaaa0000, 0x00000000b25f9000, 0x0000000100000000)
   the space 126308K,  67% used [0x00000000aaaa0000, 0x00000000afdb0380, 0x00000000afdb0400, 0x00000000b25f9000)
 Metaspace       used 88460K, committed 89088K, reserved 1179648K
  class space    used 11733K, committed 12032K, reserved 1048576K
}
Event: 31.795 GC heap after
{Heap after GC invocations=37 (full 4):
 def new generation   total 57024K, used 6154K [0x0000000080000000, 0x0000000083dd0000, 0x00000000aaaa0000)
  eden space 50752K,   0% used [0x0000000080000000, 0x0000000080000000, 0x0000000083190000)
  from space 6272K,  98% used [0x00000000837b0000, 0x0000000083db2878, 0x0000000083dd0000)
  to   space 6272K,   0% used [0x0000000083190000, 0x0000000083190000, 0x00000000837b0000)
 tenured generation   total 126308K, used 85056K [0x00000000aaaa0000, 0x00000000b25f9000, 0x0000000100000000)
   the space 126308K,  67% used [0x00000000aaaa0000, 0x00000000afdb0380, 0x00000000afdb0400, 0x00000000b25f9000)
 Metaspace       used 88460K, committed 89088K, reserved 1179648K
  class space    used 11733K, committed 12032K, reserved 1048576K
}
Event: 32.539 GC heap before
{Heap before GC invocations=37 (full 4):
 def new generation   total 57024K, used 56906K [0x0000000080000000, 0x0000000083dd0000, 0x00000000aaaa0000)
  eden space 50752K, 100% used [0x0000000080000000, 0x0000000083190000, 0x0000000083190000)
  from space 6272K,  98% used [0x00000000837b0000, 0x0000000083db2878, 0x0000000083dd0000)
  to   space 6272K,   0% used [0x0000000083190000, 0x0000000083190000, 0x00000000837b0000)
 tenured generation   total 126308K, used 85056K [0x00000000aaaa0000, 0x00000000b25f9000, 0x0000000100000000)
   the space 126308K,  67% used [0x00000000aaaa0000, 0x00000000afdb0380, 0x00000000afdb0400, 0x00000000b25f9000)
 Metaspace       used 90837K, committed 91456K, reserved 1179648K
  class space    used 11994K, committed 12288K, reserved 1048576K
}
Event: 32.565 GC heap after
{Heap after GC invocations=38 (full 4):
 def new generation   total 57024K, used 3316K [0x0000000080000000, 0x0000000083dd0000, 0x00000000aaaa0000)
  eden space 50752K,   0% used [0x0000000080000000, 0x0000000080000000, 0x0000000083190000)
  from space 6272K,  52% used [0x0000000083190000, 0x00000000834cd260, 0x00000000837b0000)
  to   space 6272K,   0% used [0x00000000837b0000, 0x00000000837b0000, 0x0000000083dd0000)
 tenured generation   total 126308K, used 90740K [0x00000000aaaa0000, 0x00000000b25f9000, 0x0000000100000000)
   the space 126308K,  71% used [0x00000000aaaa0000, 0x00000000b033d0c0, 0x00000000b033d200, 0x00000000b25f9000)
 Metaspace       used 90837K, committed 91456K, reserved 1179648K
  class space    used 11994K, committed 12288K, reserved 1048576K
}
Event: 33.545 GC heap before
{Heap before GC invocations=38 (full 4):
 def new generation   total 57024K, used 54068K [0x0000000080000000, 0x0000000083dd0000, 0x00000000aaaa0000)
  eden space 50752K, 100% used [0x0000000080000000, 0x0000000083190000, 0x0000000083190000)
  from space 6272K,  52% used [0x0000000083190000, 0x00000000834cd260, 0x00000000837b0000)
  to   space 6272K,   0% used [0x00000000837b0000, 0x00000000837b0000, 0x0000000083dd0000)
 tenured generation   total 126308K, used 90740K [0x00000000aaaa0000, 0x00000000b25f9000, 0x0000000100000000)
   the space 126308K,  71% used [0x00000000aaaa0000, 0x00000000b033d0c0, 0x00000000b033d200, 0x00000000b25f9000)
 Metaspace       used 95073K, committed 95808K, reserved 1179648K
  class space    used 12465K, committed 12800K, reserved 1048576K
}
Event: 33.562 GC heap after
{Heap after GC invocations=39 (full 4):
 def new generation   total 57024K, used 2256K [0x0000000080000000, 0x0000000083dd0000, 0x00000000aaaa0000)
  eden space 50752K,   0% used [0x0000000080000000, 0x0000000080000000, 0x0000000083190000)
  from space 6272K,  35% used [0x00000000837b0000, 0x00000000839e4198, 0x0000000083dd0000)
  to   space 6272K,   0% used [0x0000000083190000, 0x0000000083190000, 0x00000000837b0000)
 tenured generation   total 126308K, used 93594K [0x00000000aaaa0000, 0x00000000b25f9000, 0x0000000100000000)
   the space 126308K,  74% used [0x00000000aaaa0000, 0x00000000b0606b30, 0x00000000b0606c00, 0x00000000b25f9000)
 Metaspace       used 95073K, committed 95808K, reserved 1179648K
  class space    used 12465K, committed 12800K, reserved 1048576K
}
Event: 34.712 GC heap before
{Heap before GC invocations=39 (full 4):
 def new generation   total 57024K, used 53008K [0x0000000080000000, 0x0000000083dd0000, 0x00000000aaaa0000)
  eden space 50752K, 100% used [0x0000000080000000, 0x0000000083190000, 0x0000000083190000)
  from space 6272K,  35% used [0x00000000837b0000, 0x00000000839e4198, 0x0000000083dd0000)
  to   space 6272K,   0% used [0x0000000083190000, 0x0000000083190000, 0x00000000837b0000)
 tenured generation   total 126308K, used 93594K [0x00000000aaaa0000, 0x00000000b25f9000, 0x0000000100000000)
   the space 126308K,  74% used [0x00000000aaaa0000, 0x00000000b0606b30, 0x00000000b0606c00, 0x00000000b25f9000)
 Metaspace       used 100306K, committed 100992K, reserved 1179648K
  class space    used 13106K, committed 13440K, reserved 1048576K
}
Event: 34.731 GC heap after
{Heap after GC invocations=40 (full 4):
 def new generation   total 57024K, used 5487K [0x0000000080000000, 0x0000000083dd0000, 0x00000000aaaa0000)
  eden space 50752K,   0% used [0x0000000080000000, 0x0000000080000000, 0x0000000083190000)
  from space 6272K,  87% used [0x0000000083190000, 0x00000000836ebe28, 0x00000000837b0000)
  to   space 6272K,   0% used [0x00000000837b0000, 0x00000000837b0000, 0x0000000083dd0000)
 tenured generation   total 126308K, used 93594K [0x00000000aaaa0000, 0x00000000b25f9000, 0x0000000100000000)
   the space 126308K,  74% used [0x00000000aaaa0000, 0x00000000b0606b30, 0x00000000b0606c00, 0x00000000b25f9000)
 Metaspace       used 100306K, committed 100992K, reserved 1179648K
  class space    used 13106K, committed 13440K, reserved 1048576K
}
Event: 36.322 GC heap before
{Heap before GC invocations=40 (full 4):
 def new generation   total 57024K, used 56239K [0x0000000080000000, 0x0000000083dd0000, 0x00000000aaaa0000)
  eden space 50752K, 100% used [0x0000000080000000, 0x0000000083190000, 0x0000000083190000)
  from space 6272K,  87% used [0x0000000083190000, 0x00000000836ebe28, 0x00000000837b0000)
  to   space 6272K,   0% used [0x00000000837b0000, 0x00000000837b0000, 0x0000000083dd0000)
 tenured generation   total 126308K, used 93594K [0x00000000aaaa0000, 0x00000000b25f9000, 0x0000000100000000)
   the space 126308K,  74% used [0x00000000aaaa0000, 0x00000000b0606b30, 0x00000000b0606c00, 0x00000000b25f9000)
 Metaspace       used 107794K, committed 108416K, reserved 1179648K
  class space    used 13868K, committed 14144K, reserved 1048576K
}
Event: 36.345 GC heap after
{Heap after GC invocations=41 (full 4):
 def new generation   total 57024K, used 1270K [0x0000000080000000, 0x0000000083dd0000, 0x00000000aaaa0000)
  eden space 50752K,   0% used [0x0000000080000000, 0x0000000080000000, 0x0000000083190000)
  from space 6272K,  20% used [0x00000000837b0000, 0x00000000838edac8, 0x0000000083dd0000)
  to   space 6272K,   0% used [0x0000000083190000, 0x0000000083190000, 0x00000000837b0000)
 tenured generation   total 126308K, used 99067K [0x00000000aaaa0000, 0x00000000b25f9000, 0x0000000100000000)
   the space 126308K,  78% used [0x00000000aaaa0000, 0x00000000b0b5ee60, 0x00000000b0b5f000, 0x00000000b25f9000)
 Metaspace       used 107794K, committed 108416K, reserved 1179648K
  class space    used 13868K, committed 14144K, reserved 1048576K
}
Event: 38.425 GC heap before
{Heap before GC invocations=41 (full 4):
 def new generation   total 57024K, used 52022K [0x0000000080000000, 0x0000000083dd0000, 0x00000000aaaa0000)
  eden space 50752K, 100% used [0x0000000080000000, 0x0000000083190000, 0x0000000083190000)
  from space 6272K,  20% used [0x00000000837b0000, 0x00000000838edac8, 0x0000000083dd0000)
  to   space 6272K,   0% used [0x0000000083190000, 0x0000000083190000, 0x00000000837b0000)
 tenured generation   total 126308K, used 99067K [0x00000000aaaa0000, 0x00000000b25f9000, 0x0000000100000000)
   the space 126308K,  78% used [0x00000000aaaa0000, 0x00000000b0b5ee60, 0x00000000b0b5f000, 0x00000000b25f9000)
 Metaspace       used 110622K, committed 111232K, reserved 1179648K
  class space    used 14185K, committed 14464K, reserved 1048576K
}
Event: 38.470 GC heap after
{Heap after GC invocations=42 (full 4):
 def new generation   total 57024K, used 6272K [0x0000000080000000, 0x0000000083dd0000, 0x00000000aaaa0000)
  eden space 50752K,   0% used [0x0000000080000000, 0x0000000080000000, 0x0000000083190000)
  from space 6272K, 100% used [0x0000000083190000, 0x00000000837b0000, 0x00000000837b0000)
  to   space 6272K,   0% used [0x00000000837b0000, 0x00000000837b0000, 0x0000000083dd0000)
 tenured generation   total 126308K, used 100151K [0x00000000aaaa0000, 0x00000000b25f9000, 0x0000000100000000)
   the space 126308K,  79% used [0x00000000aaaa0000, 0x00000000b0c6df98, 0x00000000b0c6e000, 0x00000000b25f9000)
 Metaspace       used 110622K, committed 111232K, reserved 1179648K
  class space    used 14185K, committed 14464K, reserved 1048576K
}
Event: 39.021 GC heap before
{Heap before GC invocations=42 (full 4):
 def new generation   total 57024K, used 57024K [0x0000000080000000, 0x0000000083dd0000, 0x00000000aaaa0000)
  eden space 50752K, 100% used [0x0000000080000000, 0x0000000083190000, 0x0000000083190000)
  from space 6272K, 100% used [0x0000000083190000, 0x00000000837b0000, 0x00000000837b0000)
  to   space 6272K,   0% used [0x00000000837b0000, 0x00000000837b0000, 0x0000000083dd0000)
 tenured generation   total 126308K, used 100151K [0x00000000aaaa0000, 0x00000000b25f9000, 0x0000000100000000)
   the space 126308K,  79% used [0x00000000aaaa0000, 0x00000000b0c6df98, 0x00000000b0c6e000, 0x00000000b25f9000)
 Metaspace       used 111375K, committed 112000K, reserved 1179648K
  class space    used 14237K, committed 14528K, reserved 1048576K
}
Event: 39.053 GC heap after
{Heap after GC invocations=43 (full 4):
 def new generation   total 57024K, used 4236K [0x0000000080000000, 0x0000000083dd0000, 0x00000000aaaa0000)
  eden space 50752K,   0% used [0x0000000080000000, 0x0000000080000000, 0x0000000083190000)
  from space 6272K,  67% used [0x00000000837b0000, 0x0000000083bd3148, 0x0000000083dd0000)
  to   space 6272K,   0% used [0x0000000083190000, 0x0000000083190000, 0x00000000837b0000)
 tenured generation   total 126308K, used 104438K [0x00000000aaaa0000, 0x00000000b25f9000, 0x0000000100000000)
   the space 126308K,  82% used [0x00000000aaaa0000, 0x00000000b109d9c8, 0x00000000b109da00, 0x00000000b25f9000)
 Metaspace       used 111375K, committed 112000K, reserved 1179648K
  class space    used 14237K, committed 14528K, reserved 1048576K
}

Dll operation events (3 events):
Event: 0.091 Loaded shared library C:\Program Files\Android\Android Studio\jbr\bin\java.dll
Event: 0.719 Loaded shared library C:\Program Files\Android\Android Studio\jbr\bin\zip.dll
Event: 2.123 Loaded shared library C:\Program Files\Android\Android Studio\jbr\bin\verify.dll

Deoptimization events (20 events):
Event: 39.188 Thread 0x00000173fd914820 Uncommon trap: trap_request=0xffffffc6 fr.pc=0x00000173f49cd5bc relative=0x0000000000000f1c
Event: 39.188 Thread 0x00000173fd914820 Uncommon trap: reason=bimorphic_or_optimized_type_check action=maybe_recompile pc=0x00000173f49cd5bc method=java.util.concurrent.ConcurrentHashMap.putVal(Ljava/lang/Object;Ljava/lang/Object;Z)Ljava/lang/Object; @ 242 c2
Event: 39.188 Thread 0x00000173fd914820 DEOPT PACKING pc=0x00000173f49cd5bc sp=0x0000005914eefb90
Event: 39.188 Thread 0x00000173fd914820 DEOPT UNPACKING pc=0x00000173f41e66a3 sp=0x0000005914eefb10 mode 2
Event: 39.188 Thread 0x00000173fd914820 Uncommon trap: trap_request=0xffffffc6 fr.pc=0x00000173f49cd5bc relative=0x0000000000000f1c
Event: 39.188 Thread 0x00000173fd914820 Uncommon trap: reason=bimorphic_or_optimized_type_check action=maybe_recompile pc=0x00000173f49cd5bc method=java.util.concurrent.ConcurrentHashMap.putVal(Ljava/lang/Object;Ljava/lang/Object;Z)Ljava/lang/Object; @ 242 c2
Event: 39.189 Thread 0x00000173fd914820 DEOPT PACKING pc=0x00000173f49cd5bc sp=0x0000005914eefb90
Event: 39.189 Thread 0x00000173fd914820 DEOPT UNPACKING pc=0x00000173f41e66a3 sp=0x0000005914eefb10 mode 2
Event: 39.535 Thread 0x00000173fd914820 Uncommon trap: trap_request=0xffffffc6 fr.pc=0x00000173f477e1ac relative=0x00000000000007ec
Event: 39.535 Thread 0x00000173fd914820 Uncommon trap: reason=bimorphic_or_optimized_type_check action=maybe_recompile pc=0x00000173f477e1ac method=org.jetbrains.kotlin.protobuf.CodedOutputStream.refreshBuffer()V @ 28 c2
Event: 39.535 Thread 0x00000173fd914820 DEOPT PACKING pc=0x00000173f477e1ac sp=0x0000005914ef67e0
Event: 39.535 Thread 0x00000173fd914820 DEOPT UNPACKING pc=0x00000173f41e66a3 sp=0x0000005914ef67d0 mode 2
Event: 39.698 Thread 0x00000173fdeb45b0 Uncommon trap: trap_request=0xffffff45 fr.pc=0x00000173f4ac8dd4 relative=0x0000000000000594
Event: 39.698 Thread 0x00000173fdeb45b0 Uncommon trap: reason=unstable_if action=reinterpret pc=0x00000173f4ac8dd4 method=org.objectweb.asm.ClassReader.readUtf(II[C)Ljava/lang/String; @ 41 c2
Event: 39.698 Thread 0x00000173fdeb45b0 DEOPT PACKING pc=0x00000173f4ac8dd4 sp=0x00000059159fe030
Event: 39.698 Thread 0x00000173fdeb45b0 DEOPT UNPACKING pc=0x00000173f41e66a3 sp=0x00000059159fdfd8 mode 2
Event: 39.721 Thread 0x00000173fd914820 Uncommon trap: trap_request=0xffffffde fr.pc=0x00000173f4919f98 relative=0x00000000000004f8
Event: 39.721 Thread 0x00000173fd914820 Uncommon trap: reason=class_check action=maybe_recompile pc=0x00000173f4919f98 method=jdk.internal.loader.URLClassPath.getResource(Ljava/lang/String;Z)Ljdk/internal/loader/Resource; @ 53 c2
Event: 39.722 Thread 0x00000173fd914820 DEOPT PACKING pc=0x00000173f4919f98 sp=0x0000005914ef93e0
Event: 39.722 Thread 0x00000173fd914820 DEOPT UNPACKING pc=0x00000173f41e66a3 sp=0x0000005914ef9398 mode 2

Classes unloaded (0 events):
No events

Classes redefined (0 events):
No events

Internal exceptions (20 events):
Event: 21.403 Thread 0x00000173fd914820 Exception <a 'java/lang/NoSuchMethodError'{0x0000000081e3a6a0}: 'int java.lang.invoke.Invokers$Holder.invoke_MT(java.lang.Object, java.lang.Object, java.lang.Object, java.lang.Object)'> (0x0000000081e3a6a0) 
thrown [s\src\hotspot\share\interpreter\linkResolver.cpp, line 771]
Event: 21.408 Thread 0x00000173fd914820 Exception <a 'java/lang/NoSuchMethodError'{0x0000000081e4b6e8}: 'int java.lang.invoke.DelegatingMethodHandle$Holder.reinvoke_L(java.lang.Object, java.lang.Object, java.lang.Object, long, int)'> (0x0000000081e4b6e8) 
thrown [s\src\hotspot\share\interpreter\linkResolver.cpp, line 771]
Event: 21.412 Thread 0x00000173fd914820 Exception <a 'java/lang/NoSuchMethodError'{0x0000000081e5fb08}: 'java.lang.Object java.lang.invoke.Invokers$Holder.invokeExact_MT(java.lang.Object, java.lang.Object, long, java.lang.Object)'> (0x0000000081e5fb08) 
thrown [s\src\hotspot\share\interpreter\linkResolver.cpp, line 771]
Event: 24.031 Thread 0x00000173fd914820 Exception <a 'java/lang/NoSuchMethodError'{0x00000000802eade8}: 'long java.lang.invoke.DirectMethodHandle$Holder.invokeStatic(java.lang.Object)'> (0x00000000802eade8) 
thrown [s\src\hotspot\share\interpreter\linkResolver.cpp, line 771]
Event: 24.032 Thread 0x00000173fd914820 Exception <a 'java/lang/NoSuchMethodError'{0x00000000802ef9d0}: 'long java.lang.invoke.DirectMethodHandle$Holder.invokeStaticInit(java.lang.Object)'> (0x00000000802ef9d0) 
thrown [s\src\hotspot\share\interpreter\linkResolver.cpp, line 771]
Event: 25.191 Thread 0x00000173fd914820 Exception <a 'java/lang/NoSuchMethodError'{0x0000000080a83490}: 'void java.lang.invoke.DirectMethodHandle$Holder.invokeVirtual(java.lang.Object, java.lang.Object)'> (0x0000000080a83490) 
thrown [s\src\hotspot\share\interpreter\linkResolver.cpp, line 771]
Event: 25.602 Thread 0x00000173fd914820 Exception <a 'java/lang/NoSuchMethodError'{0x0000000081b14540}: 'java.lang.Object java.lang.invoke.Invokers$Holder.invoke_MT(java.lang.Object, java.lang.Object, java.lang.Object)'> (0x0000000081b14540) 
thrown [s\src\hotspot\share\interpreter\linkResolver.cpp, line 771]
Event: 31.169 Thread 0x00000173fd914820 Exception <a 'java/lang/NoSuchMethodError'{0x0000000081eb6be0}: 'java.lang.Object java.lang.invoke.DirectMethodHandle$Holder.invokeStatic(java.lang.Object, java.lang.Object, java.lang.Object, java.lang.Object, int)'> (0x0000000081eb6be0) 
thrown [s\src\hotspot\share\interpreter\linkResolver.cpp, line 771]
Event: 31.174 Thread 0x00000173fd914820 Exception <a 'java/lang/NoSuchMethodError'{0x0000000081ec1a70}: 'java.lang.Object java.lang.invoke.DirectMethodHandle$Holder.newInvokeSpecial(java.lang.Object, java.lang.Object, java.lang.Object, java.lang.Object, int)'> (0x0000000081ec1a70) 
thrown [s\src\hotspot\share\interpreter\linkResolver.cpp, line 771]
Event: 31.175 Thread 0x00000173fd914820 Exception <a 'java/lang/NoSuchMethodError'{0x0000000081ec7a98}: 'java.lang.Object java.lang.invoke.DirectMethodHandle$Holder.invokeSpecial(java.lang.Object, java.lang.Object, java.lang.Object, java.lang.Object, java.lang.Object, int)'> (0x0000000081ec7a98) 
thrown [s\src\hotspot\share\interpreter\linkResolver.cpp, line 771]
Event: 31.175 Thread 0x00000173fd914820 Exception <a 'java/lang/NoSuchMethodError'{0x0000000081ecd470}: 'java.lang.Object java.lang.invoke.Invokers$Holder.linkToTargetMethod(java.lang.Object, java.lang.Object, java.lang.Object, int, java.lang.Object)'> (0x0000000081ecd470) 
thrown [s\src\hotspot\share\interpreter\linkResolver.cpp, line 771]
Event: 34.003 Thread 0x00000173fd914820 Exception <a 'java/lang/NoSuchMethodError'{0x00000000818da580}: 'java.lang.Object java.lang.invoke.DirectMethodHandle$Holder.newInvokeSpecial(java.lang.Object, java.lang.Object, java.lang.Object, int, int, java.lang.Object, java.lang.Object)'> (0x00000000818da580) 
thrown [s\src\hotspot\share\interpreter\linkResolver.cpp, line 771]
Event: 37.362 Thread 0x00000173fdeb4a80 Exception <a 'sun/nio/fs/WindowsException'{0x0000000080f3f5e0}> (0x0000000080f3f5e0) 
thrown [s\src\hotspot\share\prims\jni.cpp, line 517]
Event: 37.457 Thread 0x00000173fdeb4a80 Exception <a 'sun/nio/fs/WindowsException'{0x0000000080fa2180}> (0x0000000080fa2180) 
thrown [s\src\hotspot\share\prims\jni.cpp, line 517]
Event: 37.468 Thread 0x00000173fdeb4a80 Exception <a 'sun/nio/fs/WindowsException'{0x0000000080fa2308}> (0x0000000080fa2308) 
thrown [s\src\hotspot\share\prims\jni.cpp, line 517]
Event: 37.942 Thread 0x00000173fd914820 Exception <a 'java/lang/IncompatibleClassChangeError'{0x00000000813ee5f8}: Found class java.lang.Object, but interface was expected> (0x00000000813ee5f8) 
thrown [s\src\hotspot\share\interpreter\linkResolver.cpp, line 838]
Event: 39.119 Thread 0x00000173fd914820 Exception <a 'java/lang/IncompatibleClassChangeError'{0x00000000802a0b50}: Found class java.lang.Object, but interface was expected> (0x00000000802a0b50) 
thrown [s\src\hotspot\share\interpreter\linkResolver.cpp, line 838]
Event: 39.688 Thread 0x00000173fdeb45b0 Exception <a 'sun/nio/fs/WindowsException'{0x0000000081554e68}> (0x0000000081554e68) 
thrown [s\src\hotspot\share\prims\jni.cpp, line 517]
Event: 39.710 Thread 0x00000173fdeb45b0 Exception <a 'sun/nio/fs/WindowsException'{0x000000008157e7a8}> (0x000000008157e7a8) 
thrown [s\src\hotspot\share\prims\jni.cpp, line 517]
Event: 39.713 Thread 0x00000173fdeb45b0 Exception <a 'sun/nio/fs/WindowsException'{0x000000008157e930}> (0x000000008157e930) 
thrown [s\src\hotspot\share\prims\jni.cpp, line 517]

VM Operations (20 events):
Event: 35.854 Executing VM operation: ICBufferFull
Event: 35.854 Executing VM operation: ICBufferFull done
Event: 36.210 Executing VM operation: HandshakeAllThreads
Event: 36.210 Executing VM operation: HandshakeAllThreads done
Event: 36.322 Executing VM operation: GenCollectForAllocation
Event: 36.345 Executing VM operation: GenCollectForAllocation done
Event: 37.351 Executing VM operation: Cleanup
Event: 37.351 Executing VM operation: Cleanup done
Event: 38.354 Executing VM operation: Cleanup
Event: 38.354 Executing VM operation: Cleanup done
Event: 38.425 Executing VM operation: GenCollectForAllocation
Event: 38.470 Executing VM operation: GenCollectForAllocation done
Event: 38.777 Executing VM operation: HandshakeAllThreads
Event: 38.777 Executing VM operation: HandshakeAllThreads done
Event: 38.988 Executing VM operation: ICBufferFull
Event: 38.988 Executing VM operation: ICBufferFull done
Event: 39.021 Executing VM operation: GenCollectForAllocation
Event: 39.053 Executing VM operation: GenCollectForAllocation done
Event: 39.387 Executing VM operation: ICBufferFull
Event: 39.387 Executing VM operation: ICBufferFull done

Events (20 events):
Event: 32.799 loading class java/util/AbstractList$RandomAccessSubList
Event: 32.799 loading class java/util/AbstractList$RandomAccessSubList done
Event: 34.862 Thread 0x00000173e96f4090 flushing nmethod 0x00000173ed1a3f90
Event: 34.866 Thread 0x00000173e96f4090 flushing nmethod 0x00000173ed349610
Event: 36.699 loading class java/util/Vector$Itr
Event: 36.701 loading class java/util/Vector$Itr done
Event: 36.991 loading class java/lang/Byte$ByteCache
Event: 36.991 loading class java/lang/Byte$ByteCache done
Event: 37.514 loading class jdk/internal/loader/URLClassPath$FileLoader
Event: 37.515 loading class jdk/internal/loader/URLClassPath$FileLoader done
Event: 37.527 loading class jdk/internal/loader/URLClassPath$FileLoader$1
Event: 37.528 loading class jdk/internal/loader/URLClassPath$FileLoader$1 done
Event: 39.105 loading class java/util/Collections$2
Event: 39.107 loading class java/util/Collections$2 done
Event: 39.760 loading class jdk/internal/math/FDBigInteger
Event: 39.765 loading class jdk/internal/math/FDBigInteger done
Event: 39.862 loading class java/util/zip/GZIPOutputStream
Event: 39.867 loading class java/util/zip/GZIPOutputStream done
Event: 39.867 loading class java/util/zip/GZIPInputStream
Event: 39.870 loading class java/util/zip/GZIPInputStream done


Dynamic libraries:
0x00007ff7e1a80000 - 0x00007ff7e1a8a000 	C:\Program Files\Android\Android Studio\jbr\bin\java.exe
0x00007ffc1b2b0000 - 0x00007ffc1b4a8000 	C:\WINDOWS\SYSTEM32\ntdll.dll
0x00007ffc1a140000 - 0x00007ffc1a1fd000 	C:\WINDOWS\System32\KERNEL32.DLL
0x00007ffc18e50000 - 0x00007ffc19146000 	C:\WINDOWS\System32\KERNELBASE.dll
0x00007ffc19180000 - 0x00007ffc19280000 	C:\WINDOWS\System32\ucrtbase.dll
0x00007ffc12950000 - 0x00007ffc1296b000 	C:\Program Files\Android\Android Studio\jbr\bin\VCRUNTIME140.dll
0x00007ffc077d0000 - 0x00007ffc077e7000 	C:\Program Files\Android\Android Studio\jbr\bin\jli.dll
0x00007ffc1a2f0000 - 0x00007ffc1a48e000 	C:\WINDOWS\System32\USER32.dll
0x00007ffc19150000 - 0x00007ffc19172000 	C:\WINDOWS\System32\win32u.dll
0x00007ffc1b070000 - 0x00007ffc1b09c000 	C:\WINDOWS\System32\GDI32.dll
0x00007ffc192d0000 - 0x00007ffc193ea000 	C:\WINDOWS\System32\gdi32full.dll
0x00007ffc18c40000 - 0x00007ffc18cdd000 	C:\WINDOWS\System32\msvcp_win.dll
0x00007ffc08b00000 - 0x00007ffc08d9a000 	C:\WINDOWS\WinSxS\amd64_microsoft.windows.common-controls_6595b64144ccf1df_6.0.19041.3636_none_60b6a03d71f818d5\COMCTL32.dll
0x00007ffc19800000 - 0x00007ffc1989e000 	C:\WINDOWS\System32\msvcrt.dll
0x00007ffc1a200000 - 0x00007ffc1a230000 	C:\WINDOWS\System32\IMM32.DLL
0x00007ffc12eb0000 - 0x00007ffc12ebc000 	C:\Program Files\Android\Android Studio\jbr\bin\vcruntime140_1.dll
0x00007ffbd8f50000 - 0x00007ffbd8fdd000 	C:\Program Files\Android\Android Studio\jbr\bin\msvcp140.dll
0x00007ffbb8910000 - 0x00007ffbb9590000 	C:\Program Files\Android\Android Studio\jbr\bin\server\jvm.dll
0x00007ffc1a230000 - 0x00007ffc1a2e3000 	C:\WINDOWS\System32\ADVAPI32.dll
0x00007ffc1a6e0000 - 0x00007ffc1a77f000 	C:\WINDOWS\System32\sechost.dll
0x00007ffc1a000000 - 0x00007ffc1a126000 	C:\WINDOWS\System32\RPCRT4.dll
0x00007ffc18d90000 - 0x00007ffc18db7000 	C:\WINDOWS\System32\bcrypt.dll
0x00007ffc09ec0000 - 0x00007ffc09eca000 	C:\WINDOWS\SYSTEM32\VERSION.dll
0x00007ffc13260000 - 0x00007ffc13269000 	C:\WINDOWS\SYSTEM32\WSOCK32.dll
0x00007ffc08f70000 - 0x00007ffc08f97000 	C:\WINDOWS\SYSTEM32\WINMM.dll
0x00007ffc1ab30000 - 0x00007ffc1ab9b000 	C:\WINDOWS\System32\WS2_32.dll
0x00007ffc16920000 - 0x00007ffc16932000 	C:\WINDOWS\SYSTEM32\kernel.appcore.dll
0x00007ffc12f10000 - 0x00007ffc12f1a000 	C:\Program Files\Android\Android Studio\jbr\bin\jimage.dll
0x00007ffc004d0000 - 0x00007ffc006b4000 	C:\WINDOWS\SYSTEM32\DBGHELP.DLL
0x00007ffc00490000 - 0x00007ffc004c4000 	C:\WINDOWS\SYSTEM32\dbgcore.DLL
0x00007ffc18dc0000 - 0x00007ffc18e42000 	C:\WINDOWS\System32\bcryptPrimitives.dll
0x00007ffc14900000 - 0x00007ffc1490e000 	C:\Program Files\Android\Android Studio\jbr\bin\instrument.dll
0x00007ffc08aa0000 - 0x00007ffc08ac5000 	C:\Program Files\Android\Android Studio\jbr\bin\java.dll
0x00007ffc12ef0000 - 0x00007ffc12f08000 	C:\Program Files\Android\Android Studio\jbr\bin\zip.dll
0x00007ffc198a0000 - 0x00007ffc19fe5000 	C:\WINDOWS\System32\SHELL32.dll
0x00007ffc16b20000 - 0x00007ffc172bb000 	C:\WINDOWS\SYSTEM32\windows.storage.dll
0x00007ffc194a0000 - 0x00007ffc197f4000 	C:\WINDOWS\System32\combase.dll
0x00007ffc184a0000 - 0x00007ffc184cd000 	C:\WINDOWS\SYSTEM32\Wldp.dll
0x00007ffc193f0000 - 0x00007ffc1949d000 	C:\WINDOWS\System32\SHCORE.dll
0x00007ffc1aba0000 - 0x00007ffc1abf5000 	C:\WINDOWS\System32\shlwapi.dll
0x00007ffc189a0000 - 0x00007ffc189c5000 	C:\WINDOWS\SYSTEM32\profapi.dll
0x00007ffc128f0000 - 0x00007ffc12909000 	C:\Program Files\Android\Android Studio\jbr\bin\net.dll
0x00007ffc10800000 - 0x00007ffc1090a000 	C:\WINDOWS\SYSTEM32\WINHTTP.dll
0x00007ffc18200000 - 0x00007ffc1826a000 	C:\WINDOWS\system32\mswsock.dll
0x00007ffc07980000 - 0x00007ffc07996000 	C:\Program Files\Android\Android Studio\jbr\bin\nio.dll
0x00007ffc12590000 - 0x00007ffc125a0000 	C:\Program Files\Android\Android Studio\jbr\bin\verify.dll
0x00007ffc12970000 - 0x00007ffc12997000 	C:\Users\Prathveesh\.gradle\native\68d5fa5c4cc2d200863cafc0d521ce42e7d3e7ee720ec0a83991735586a16f82\windows-amd64\native-platform.dll
0x00007ffbcf400000 - 0x00007ffbcf544000 	C:\Users\Prathveesh\.gradle\native\e376f236ea51e6404a007f0833ffe2c6e607c4080706a723a18a27aeea778392\windows-amd64\native-platform-file-events.dll
0x00007ffc12460000 - 0x00007ffc12469000 	C:\Program Files\Android\Android Studio\jbr\bin\management.dll
0x00007ffc11720000 - 0x00007ffc1172b000 	C:\Program Files\Android\Android Studio\jbr\bin\management_ext.dll
0x00007ffc19ff0000 - 0x00007ffc19ff8000 	C:\WINDOWS\System32\PSAPI.DLL
0x00007ffc18400000 - 0x00007ffc18418000 	C:\WINDOWS\SYSTEM32\CRYPTSP.dll
0x00007ffc17ac0000 - 0x00007ffc17af4000 	C:\WINDOWS\system32\rsaenh.dll
0x00007ffc18960000 - 0x00007ffc1898e000 	C:\WINDOWS\SYSTEM32\USERENV.dll
0x00007ffc183f0000 - 0x00007ffc183fc000 	C:\WINDOWS\SYSTEM32\CRYPTBASE.dll
0x00007ffc17ea0000 - 0x00007ffc17edb000 	C:\WINDOWS\SYSTEM32\IPHLPAPI.DLL
0x00007ffc1a130000 - 0x00007ffc1a138000 	C:\WINDOWS\System32\NSI.dll
0x00007ffc10aa0000 - 0x00007ffc10ab7000 	C:\WINDOWS\SYSTEM32\dhcpcsvc6.DLL
0x00007ffc11b60000 - 0x00007ffc11b7d000 	C:\WINDOWS\SYSTEM32\dhcpcsvc.DLL
0x00007ffc17ef0000 - 0x00007ffc17fba000 	C:\WINDOWS\SYSTEM32\DNSAPI.dll
0x00007ffbff600000 - 0x00007ffbff607000 	C:\WINDOWS\system32\wshunix.dll

dbghelp: loaded successfully - version: 4.0.5 - missing functions: none
symbol engine: initialized successfully - sym options: 0x614 - pdb path: .;C:\Program Files\Android\Android Studio\jbr\bin;C:\WINDOWS\SYSTEM32;C:\WINDOWS\WinSxS\amd64_microsoft.windows.common-controls_6595b64144ccf1df_6.0.19041.3636_none_60b6a03d71f818d5;C:\Program Files\Android\Android Studio\jbr\bin\server;C:\Users\Prathveesh\.gradle\native\68d5fa5c4cc2d200863cafc0d521ce42e7d3e7ee720ec0a83991735586a16f82\windows-amd64;C:\Users\Prathveesh\.gradle\native\e376f236ea51e6404a007f0833ffe2c6e607c4080706a723a18a27aeea778392\windows-amd64

VM Arguments:
jvm_args: --add-opens=java.base/java.util=ALL-UNNAMED --add-opens=java.base/java.lang=ALL-UNNAMED --add-opens=java.base/java.lang.invoke=ALL-UNNAMED --add-opens=java.prefs/java.util.prefs=ALL-UNNAMED --add-opens=java.base/java.nio.charset=ALL-UNNAMED --add-opens=java.base/java.net=ALL-UNNAMED --add-opens=java.base/java.util.concurrent.atomic=ALL-UNNAMED -Xmx2048m -Dfile.encoding=UTF-8 -Duser.country=US -Duser.language=en -Duser.variant -javaagent:C:\Users\Prathveesh\.gradle\wrapper\dists\gradle-8.2-bin\bbg7u40eoinfdyxsxr3z4i7ta\gradle-8.2\lib\agents\gradle-instrumentation-agent-8.2.jar 
java_command: org.gradle.launcher.daemon.bootstrap.GradleDaemon 8.2
java_class_path (initial): C:\Users\Prathveesh\.gradle\wrapper\dists\gradle-8.2-bin\bbg7u40eoinfdyxsxr3z4i7ta\gradle-8.2\lib\gradle-launcher-8.2.jar
Launcher Type: SUN_STANDARD

[Global flags]
     intx CICompilerCount                          = 3                                         {product} {ergonomic}
   size_t InitialHeapSize                          = 29360128                                  {product} {ergonomic}
   size_t MaxHeapSize                              = 2147483648                                {product} {command line}
   size_t MaxNewSize                               = 715784192                                 {product} {ergonomic}
   size_t MinHeapDeltaBytes                        = 196608                                    {product} {ergonomic}
   size_t MinHeapSize                              = 8388608                                   {product} {ergonomic}
   size_t NewSize                                  = 9764864                                   {product} {ergonomic}
    uintx NonNMethodCodeHeapSize                   = 5832780                                {pd product} {ergonomic}
    uintx NonProfiledCodeHeapSize                  = 122912730                              {pd product} {ergonomic}
   size_t OldSize                                  = 19595264                                  {product} {ergonomic}
    uintx ProfiledCodeHeapSize                     = 122912730                              {pd product} {ergonomic}
    uintx ReservedCodeCacheSize                    = 251658240                              {pd product} {ergonomic}
     bool SegmentedCodeCache                       = true                                      {product} {ergonomic}
   size_t SoftMaxHeapSize                          = 2147483648                             {manageable} {ergonomic}
     bool UseCompressedClassPointers               = true                           {product lp64_product} {ergonomic}
     bool UseCompressedOops                        = true                           {product lp64_product} {ergonomic}
     bool UseLargePagesIndividualAllocation        = false                                  {pd product} {ergonomic}
     bool UseSerialGC                              = true                                      {product} {ergonomic}

Logging:
Log output configuration:
 #0: stdout all=warning uptime,level,tags
 #1: stderr all=off uptime,level,tags

Environment Variables:
PATH=C:\Python312\Scripts\;C:\Python312\;C:\WINDOWS\system32;C:\WINDOWS;C:\WINDOWS\System32\Wbem;C:\WINDOWS\System32\WindowsPowerShell\v1.0\;C:\WINDOWS\System32\OpenSSH\;C:\Program Files\Git\cmd;C:\ProgramData\chocolatey\bin;C:\Program Files\nodejs\;C:\Users\Prathveesh\AppData\Roaming\npm;C:\Users\Prathveesh\AppData\Local\Microsoft\WindowsApps;C:\Users\Prathveesh\AppData\Local\Programs\Microsoft VS Code\bin;C:\Users\Prathveesh\AppData\Local\GitHubDesktop\bin;C:\Users\Prathveesh\AppData\Roaming\npm
USERNAME=Prathveesh
OS=Windows_NT
PROCESSOR_IDENTIFIER=Intel64 Family 6 Model 69 Stepping 1, GenuineIntel
TMP=C:\Users\PRATHV~1\AppData\Local\Temp
TEMP=C:\Users\PRATHV~1\AppData\Local\Temp


JNI global refs:
JNI global refs: 26, weak refs: 17

JNI global refs memory usage: 843, weak refs: 841

OOME stack traces (most recent first):
Classloader memory used:
Loader org.gradle.internal.classloader.VisitableURLClassLoader                         : 10509K
Loader bootstrap                                                                       : 2574K
Loader org.gradle.initialization.MixInLegacyTypesClassLoader                           : 722K
Loader org.gradle.internal.classloader.VisitableURLClassLoader$InstrumentingVisitableURLClassLoader: 85067B
Loader org.gradle.internal.classloader.VisitableURLClassLoader                         : 73843B
Loader jdk.internal.loader.ClassLoaders$PlatformClassLoader                            : 65444B
Loader jdk.internal.jrtfs.JrtFileSystemProvider$JrtFsLoader                            : 43479B
Loader jdk.internal.loader.ClassLoaders$AppClassLoader                                 : 28352B
Loader jdk.internal.reflect.DelegatingClassLoader                                      : 26803B
Loader org.gradle.groovy.scripts.internal.DefaultScriptCompilationHandler$ScriptClassLoader: 11493B
Loader org.codehaus.groovy.runtime.callsite.CallSiteClassLoader                        : 6494B

Classes loaded by more than one classloader:
Class org.gradle.internal.Cast                                                        : loaded 3 times (x 69B)
Class org.gradle.api.GradleException                                                  : loaded 3 times (x 80B)
Class org.jetbrains.plugins.gradle.model.MavenRepositoryModel                         : loaded 2 times (x 68B)
Class org.gradle.internal.classpath.ClassPath                                         : loaded 2 times (x 68B)
Class org.gradle.api.internal.classpath.DefaultModuleRegistry                         : loaded 2 times (x 84B)
Class Settings_gradle$1$1                                                             : loaded 2 times (x 72B)
Class com.intellij.openapi.externalSystem.model.ExternalSystemException               : loaded 2 times (x 84B)
Class jdk.internal.jimage.BasicImageReader$1                                          : loaded 2 times (x 75B)
Class org.gradle.api.Action                                                           : loaded 2 times (x 68B)
Class org.jetbrains.kotlin.idea.gradleTooling.model.samWithReceiver.SamWithReceiverModel: loaded 2 times (x 68B)
Class org.jetbrains.plugins.gradle.model.ExternalProject                              : loaded 2 times (x 68B)
Class org.jetbrains.plugins.gradle.model.IntelliJSettings                             : loaded 2 times (x 68B)
Class jdk.internal.jimage.ImageBufferCache$1                                          : loaded 2 times (x 78B)
Class jdk.internal.jimage.ImageBufferCache$2                                          : loaded 2 times (x 89B)
Class org.jetbrains.kotlin.idea.gradleTooling.KotlinMPPGradleModel                    : loaded 2 times (x 68B)
Class org.gradle.api.internal.DefaultClassPathProvider                                : loaded 2 times (x 74B)
Class org.gradle.internal.installation.GradleInstallation$1                           : loaded 2 times (x 73B)
Class jdk.internal.jrtfs.SystemImage$1                                                : loaded 2 times (x 76B)
Class jdk.internal.jrtfs.SystemImage$2                                                : loaded 2 times (x 74B)
Class org.gradle.internal.exceptions.DefaultMultiCauseException                       : loaded 2 times (x 85B)
Class org.gradle.tooling.model.UnsupportedMethodException                             : loaded 2 times (x 80B)
Class org.gradle.util.GradleVersion                                                   : loaded 2 times (x 81B)
Class org.gradle.internal.classloader.FilteringClassLoader                            : loaded 2 times (x 102B)
Class jdk.internal.jimage.ImageReader$Resource                                        : loaded 2 times (x 82B)
Class jdk.internal.jrtfs.SystemImage                                                  : loaded 2 times (x 72B)
Class org.gradle.tooling.model.Model                                                  : loaded 2 times (x 68B)
Class org.gradle.internal.classpath.DefaultClassPath$ImmutableUniqueList$Builder      : loaded 2 times (x 73B)
Class org.jetbrains.kotlin.idea.gradleTooling.KotlinSourceSetContainer                : loaded 2 times (x 68B)
Class jdk.internal.jrtfs.JrtDirectoryStream$1                                         : loaded 2 times (x 81B)
Class org.gradle.internal.classloader.ClassLoaderVisitor                              : loaded 2 times (x 74B)
Class org.gradle.internal.time.DefaultCountdownTimer                                  : loaded 2 times (x 86B)
Class ijinit_br2jjkms85bc1o42zrgiyymap                                                : loaded 2 times (x 177B)
Class org.gradle.internal.service.DefaultServiceLocator                               : loaded 2 times (x 81B)
Class org.gradle.internal.service.UnknownServiceException                             : loaded 2 times (x 81B)
Class org.jetbrains.plugins.gradle.model.DependencyAccessorsModel                     : loaded 2 times (x 68B)
Class org.gradle.internal.classloader.DefaultClassLoaderFactory                       : loaded 2 times (x 80B)
Class jdk.internal.jimage.ImageReader$SharedImageReader                               : loaded 2 times (x 93B)
Class org.jetbrains.plugins.gradle.model.GradleExtensions                             : loaded 2 times (x 68B)
Class jdk.internal.jimage.decompressor.ZipDecompressorFactory                         : loaded 2 times (x 72B)
Class org.jetbrains.plugins.gradle.model.VersionCatalogsModel                         : loaded 2 times (x 68B)
Class org.gradle.internal.classloader.VisitableURLClassLoader$Spec                    : loaded 2 times (x 72B)
Class org.gradle.tooling.model.ProjectModel                                           : loaded 2 times (x 68B)
Class org.gradle.internal.time.MonotonicClock                                         : loaded 2 times (x 75B)
Class org.gradle.tooling.internal.gradle.DefaultProjectIdentifier                     : loaded 2 times (x 84B)
Class sync_studio_tooling7_3nfs2hr0lum71wkkz4wdcjk53                                  : loaded 2 times (x 177B)
Class org.gradle.api.internal.classpath.ModuleRegistry                                : loaded 2 times (x 68B)
Class org.jetbrains.plugins.gradle.model.RepositoriesModel                            : loaded 2 times (x 68B)
Class kotlin.jvm.internal.markers.KMappedMarker                                       : loaded 2 times (x 68B)
Class org.gradle.api.internal.ClassPathProvider                                       : loaded 2 times (x 68B)
Class org.gradle.internal.classloader.ClasspathUtil$1                                 : loaded 2 times (x 74B)
Class org.gradle.internal.classloader.ClassLoaderFactory                              : loaded 2 times (x 68B)
Class jdk.internal.jimage.ImageHeader                                                 : loaded 2 times (x 69B)
Class org.gradle.api.internal.classpath.ManifestUtil                                  : loaded 2 times (x 69B)
Class org.gradle.api.specs.Spec                                                       : loaded 2 times (x 68B)
Class org.gradle.tooling.internal.gradle.GradleBuildIdentity                          : loaded 2 times (x 68B)
Class org.gradle.internal.IoActions                                                   : loaded 2 times (x 69B)
Class jdk.internal.jimage.decompressor.StringSharingDecompressorFactory               : loaded 2 times (x 72B)
Class org.gradle.api.internal.classpath.EffectiveClassPath                            : loaded 2 times (x 88B)
Class kotlin.jvm.internal.DefaultConstructorMarker                                    : loaded 2 times (x 69B)
Class org.jetbrains.kotlin.idea.gradleTooling.model.annotation.AnnotationBasedPluginModel: loaded 2 times (x 68B)
Class org.jetbrains.kotlin.idea.gradleTooling.model.assignment.AssignmentModel        : loaded 2 times (x 68B)
Class org.gradle.internal.installation.CurrentGradleInstallation                      : loaded 2 times (x 71B)
Class org.gradle.internal.agents.InstrumentingClassLoader                             : loaded 2 times (x 68B)
Class org.gradle.internal.installation.CurrentGradleInstallationLocator               : loaded 2 times (x 69B)
Class org.gradle.api.internal.classpath.Module                                        : loaded 2 times (x 68B)
Class org.gradle.internal.service.CachingServiceLocator                               : loaded 2 times (x 80B)
Class org.gradle.internal.time.Timer                                                  : loaded 2 times (x 68B)
Class org.jetbrains.plugins.gradle.model.tests.ExternalTestsModel                     : loaded 2 times (x 68B)
Class org.jetbrains.kotlin.idea.gradleTooling.KotlinDslScriptAdditionalTask           : loaded 2 times (x 68B)
Class org.gradle.internal.classpath.DefaultClassPath                                  : loaded 2 times (x 88B)
Class jdk.internal.jimage.BasicImageReader                                            : loaded 2 times (x 93B)
Class com.intellij.openapi.externalSystem.model.project.dependencies.ProjectDependencies: loaded 2 times (x 68B)
Class org.jetbrains.kotlin.idea.gradleTooling.PrepareKotlinIdeImportTaskModel         : loaded 2 times (x 68B)
Class jdk.internal.jimage.ImageLocation                                               : loaded 2 times (x 88B)
Class org.gradle.internal.impldep.com.google.common.base.Preconditions                : loaded 2 times (x 69B)
Class kotlin.jvm.functions.Function1                                                  : loaded 2 times (x 68B)
Class jdk.internal.jimage.ImageReader$Node                                            : loaded 2 times (x 82B)
Class org.gradle.internal.time.Time                                                   : loaded 2 times (x 69B)
Class jdk.internal.jimage.decompressor.CompressedResourceHeader                       : loaded 2 times (x 69B)
Class sync_studio_tooling7_3nfs2hr0lum71wkkz4wdcjk53$_run_closure1                    : loaded 2 times (x 134B)
Class org.gradle.internal.time.TimeSource$1                                           : loaded 2 times (x 75B)
Class jdk.internal.jrtfs.JrtPath                                                      : loaded 2 times (x 116B)
Class jdk.internal.jimage.ImageStrings                                                : loaded 2 times (x 68B)
Class jdk.internal.jrtfs.JrtFileAttributes                                            : loaded 2 times (x 81B)
Class org.gradle.internal.classloader.SystemClassLoaderSpec                           : loaded 2 times (x 69B)
Class jdk.internal.jimage.decompressor.ResourceDecompressorRepository                 : loaded 2 times (x 69B)
Class kotlin.Function                                                                 : loaded 2 times (x 68B)
Class org.gradle.api.UncheckedIOException                                             : loaded 2 times (x 80B)
Class jdk.internal.jimage.decompressor.ResourceDecompressor$StringsProvider           : loaded 2 times (x 68B)
Class Program                                                                         : loaded 2 times (x 70B)
Class jdk.internal.jimage.decompressor.Decompressor                                   : loaded 2 times (x 70B)
Class jdk.internal.jrtfs.JrtFileSystem                                                : loaded 2 times (x 100B)
Class org.gradle.tooling.internal.gradle.GradleProjectIdentity                        : loaded 2 times (x 68B)
Class jdk.internal.jrtfs.JrtFileSystemProvider                                        : loaded 2 times (x 97B)
Class org.gradle.internal.time.CountdownTimer                                         : loaded 2 times (x 68B)
Class org.gradle.internal.time.Clock                                                  : loaded 2 times (x 68B)
Class org.gradle.internal.classloader.ClasspathUtil                                   : loaded 2 times (x 69B)
Class jdk.internal.jrtfs.JrtDirectoryStream                                           : loaded 2 times (x 87B)
Class org.gradle.tooling.model.BuildIdentifier                                        : loaded 2 times (x 68B)
Class jdk.internal.jimage.decompressor.ResourceDecompressor                           : loaded 2 times (x 68B)
Class org.gradle.api.internal.DefaultClassPathRegistry                                : loaded 2 times (x 74B)
Class org.gradle.api.internal.classpath.DefaultModuleRegistry$DefaultModule           : loaded 2 times (x 84B)
Class org.gradle.internal.time.TimeSource                                             : loaded 2 times (x 68B)
Class org.jetbrains.kotlin.android.synthetic.idea.AndroidExtensionsGradleModel        : loaded 2 times (x 68B)
Class org.gradle.api.internal.classpath.UnknownModuleException                        : loaded 2 times (x 80B)
Class org.jetbrains.plugins.gradle.model.IntelliJProjectSettings                      : loaded 2 times (x 68B)
Class org.gradle.internal.service.ServiceLookupException                              : loaded 2 times (x 80B)
Class jdk.internal.jimage.ImageStringsReader                                          : loaded 2 times (x 78B)
Class org.gradle.cache.GlobalCache                                                    : loaded 2 times (x 68B)
Class jdk.internal.jimage.decompressor.ResourceDecompressorFactory                    : loaded 2 times (x 72B)
Class org.jetbrains.kotlin.idea.gradleTooling.model.lombok.LombokModel                : loaded 2 times (x 68B)
Class org.gradle.tooling.model.ProjectIdentifier                                      : loaded 2 times (x 68B)
Class [Lorg.gradle.api.internal.ClassPathProvider;                                    : loaded 2 times (x 67B)
Class jdk.internal.jimage.ImageReader$SharedImageReader$LocationVisitor               : loaded 2 times (x 68B)
Class org.gradle.internal.operations.MultipleBuildOperationFailures                   : loaded 2 times (x 85B)
Class org.gradle.util.internal.GUtil                                                  : loaded 2 times (x 69B)
Class jdk.internal.jimage.decompressor.ZipDecompressor                                : loaded 2 times (x 73B)
Class org.jetbrains.plugins.gradle.model.AnnotationProcessingModel                    : loaded 2 times (x 68B)
Class org.gradle.internal.classloader.ClassLoaderSpec                                 : loaded 2 times (x 69B)
Class org.jetbrains.plugins.gradle.model.BuildScriptClasspathModel                    : loaded 2 times (x 68B)
Class org.gradle.internal.classloader.VisitableURLClassLoader                         : loaded 2 times (x 114B)
Class org.gradle.internal.installation.GradleInstallation                             : loaded 2 times (x 73B)
Class org.gradle.api.internal.ClassPathRegistry                                       : loaded 2 times (x 68B)
Class org.gradle.internal.classloader.VisitableURLClassLoader$InstrumentingVisitableURLClassLoader: loaded 2 times (x 120B)
Class org.gradle.internal.classloader.ClassLoaderHierarchy                            : loaded 2 times (x 68B)
Class org.gradle.internal.exceptions.MultiCauseException                              : loaded 2 times (x 68B)
Class jdk.internal.jimage.ImageReader                                                 : loaded 2 times (x 73B)
Class org.jetbrains.kotlin.idea.gradleTooling.model.parcelize.ParcelizeGradleModel    : loaded 2 times (x 68B)
Class org.gradle.internal.InternalTransformer                                         : loaded 2 times (x 68B)
Class org.jetbrains.kotlin.idea.gradleTooling.model.noarg.NoArgModel                  : loaded 2 times (x 68B)
Class org.jetbrains.kotlin.idea.gradleTooling.KotlinGradleModel                       : loaded 2 times (x 68B)
Class org.gradle.tooling.internal.gradle.DefaultBuildIdentifier                       : loaded 2 times (x 77B)
Class org.gradle.internal.service.ServiceLocator                                      : loaded 2 times (x 68B)
Class Settings_gradle$1                                                               : loaded 2 times (x 72B)
Class org.jetbrains.kotlin.idea.gradleTooling.model.allopen.AllOpenModel              : loaded 2 times (x 68B)
Class org.gradle.internal.classpath.DefaultClassPath$ImmutableUniqueList              : loaded 2 times (x 159B)
Class jdk.internal.jimage.ImageBufferCache                                            : loaded 2 times (x 69B)
Class org.gradle.internal.time.DefaultTimer                                           : loaded 2 times (x 78B)
Class org.gradle.internal.classpath.TransformedClassPath                              : loaded 2 times (x 94B)
Class Settings_gradle                                                                 : loaded 2 times (x 126B)
Class jdk.internal.jimage.ImageReader$Directory                                       : loaded 2 times (x 82B)


---------------  S Y S T E M  ---------------

OS:
 Windows 10 , 64 bit Build 19041 (10.0.19041.3636)
OS uptime: 0 days 23:25 hours

CPU: total 4 (initial active 4) (2 cores per cpu, 2 threads per core) family 6 model 69 stepping 1 microcode 0x25, cx8, cmov, fxsr, ht, mmx, sse, sse2, sse3, ssse3, sse4.1, sse4.2, popcnt, lzcnt, tsc, tscinvbit, avx, avx2, aes, erms, clmul, bmi1, bmi2, fma, vzeroupper, clflush

Memory: 4k page, system-wide physical 1772M (57M free)
TotalPageFile size 7148M (AvailPageFile size 16M)
current process WorkingSet (physical memory assigned to process): 280M, peak: 280M
current process commit charge ("private bytes"): 417M, peak: 420M

vm_info: OpenJDK 64-Bit Server VM (17.0.7+0-b2043.56-10550314) for windows-amd64 JRE (17.0.7+0-b2043.56-10550314), built on Jul 24 2023 18:27:45 by "androidbuild" with MS VC++ 16.10 / 16.11 (VS2019)

END.
